<?xml version="1.0" encoding="UTF-8"?>
<!-- Generated by org.testng.reporters.JUnitXMLReporter -->
<testsuite hostname="mhaskar-WX-1" ignored="0" name="Run All Tests" tests="1" failures="1" timestamp="2020-11-18T18:58:15 GMT+05:30" time="85.079" errors="0">
  <testcase name="feature" time="83.772" classname="cucumber.api.testng.AbstractTestNGCucumberTests">
    <failure type="cucumber.runtime.CucumberException" message="java.lang.Error: com.applitools.eyes.exceptions.TestFailedException: &amp;apos;Test 1&amp;apos; of &amp;apos;AppliFashion&amp;apos;. See details at https://eyes.applitools.com/app/batches/00000251796594770003/00000251796594769863?accountId=5ks3cr--tkeMwt2o_VjBjQ~~">
      <![CDATA[cucumber.runtime.CucumberException: java.lang.Error: com.applitools.eyes.exceptions.TestFailedException: 'Test 1' of 'AppliFashion'. See details at https://eyes.applitools.com/app/batches/00000251796594770003/00000251796594769863?accountId=5ks3cr--tkeMwt2o_VjBjQ~~
at cucumber.api.testng.TestNGCucumberRunner.runCucumber(TestNGCucumberRunner.java:69)
at cucumber.api.testng.AbstractTestNGCucumberTests.feature(AbstractTestNGCucumberTests.java:21)
at java.util.ArrayList.forEach(Unknown Source)
at java.util.concurrent.FutureTask.run(Unknown Source)
at java.util.concurrent.ThreadPoolExecutor.runWorker(Unknown Source)
at java.util.concurrent.ThreadPoolExecutor$Worker.run(Unknown Source)
at java.lang.Thread.run(Unknown Source)
Caused by: java.lang.Error: com.applitools.eyes.exceptions.TestFailedException: 'Test 1' of 'AppliFashion'. See details at https://eyes.applitools.com/app/batches/00000251796594770003/00000251796594769863?accountId=5ks3cr--tkeMwt2o_VjBjQ~~
at com.applitools.eyes.selenium.rendering.VisualGridEyes.parseCloseFutures(VisualGridEyes.java:320)
at com.applitools.eyes.selenium.rendering.VisualGridEyes.close(VisualGridEyes.java:294)
at com.applitools.eyes.selenium.Eyes.close(Eyes.java:477)
at com.applitools.eyes.selenium.Eyes.close(Eyes.java:196)
at runner.TestRunner.validateWindow(TestRunner.java:130)
at seleniumgluecode.Part1.use_Applitools_Eyes_take_a_screenshot_of_the_entire_page_and_save_using_following_information_for_Main_Page(Part1.java:29)
at âœ½.Then Use Applitools Eyes, take a screenshot of the entire page and save using following information for Main Page.(Part1.feature:11)
Caused by: com.applitools.eyes.exceptions.TestFailedException: 'Test 1' of 'AppliFashion'. See details at https://eyes.applitools.com/app/batches/00000251796594770003/00000251796594769863?accountId=5ks3cr--tkeMwt2o_VjBjQ~~
at com.applitools.eyes.EyesBase.logSessionResultsAndThrowException(EyesBase.java:553)
at com.applitools.eyes.EyesBase.close(EyesBase.java:479)
at com.applitools.eyes.visualgrid.services.VisualGridTask.call(VisualGridTask.java:158)
at com.applitools.eyes.visualgrid.services.VisualGridTask.call(VisualGridTask.java:19)
at java.util.concurrent.FutureTask.run(Unknown Source)
at java.util.concurrent.Executors$RunnableAdapter.call(Unknown Source)
at java.util.concurrent.FutureTask.run(Unknown Source)
at java.util.concurrent.ThreadPoolExecutor.runWorker(Unknown Source)
at java.util.concurrent.ThreadPoolExecutor$Worker.run(Unknown Source)
at java.lang.Thread.run(Unknown Source)
... Removed 18 stack frames]]>
    </failure>
  </testcase> <!-- feature -->
</testsuite> <!-- Run All Tests -->
