<html>
<head>
<title>TestNG:  Run All Tests</title>
<link href="../testng.css" rel="stylesheet" type="text/css" />
<link href="../my-testng.css" rel="stylesheet" type="text/css" />

<style type="text/css">
.log { display: none;} 
.stack-trace { display: none;} 
</style>
<script type="text/javascript">
<!--
function flip(e) {
  current = e.style.display;
  if (current == 'block') {
    e.style.display = 'none';
    return 0;
  }
  else {
    e.style.display = 'block';
    return 1;
  }
}

function toggleBox(szDivId, elem, msg1, msg2)
{
  var res = -1;  if (document.getElementById) {
    res = flip(document.getElementById(szDivId));
  }
  else if (document.all) {
    // this is the way old msie versions work
    res = flip(document.all[szDivId]);
  }
  if(elem) {
    if(res == 0) elem.innerHTML = msg1; else elem.innerHTML = msg2;
  }

}

function toggleAllBoxes() {
  if (document.getElementsByTagName) {
    d = document.getElementsByTagName('div');
    for (i = 0; i < d.length; i++) {
      if (d[i].className == 'log') {
        flip(d[i]);
      }
    }
  }
}

// -->
</script>

</head>
<body>
<h2 align='center'>Run All Tests</h2><table border='1' align="center">
<tr>
<td>Tests passed/Failed/Skipped:</td><td>0/1/0</td>
</tr><tr>
<td>Started on:</td><td>Wed Nov 18 18:56:50 GMT+05:30 2020</td>
</tr>
<tr><td>Total time:</td><td>85 seconds (85079 ms)</td>
</tr><tr>
<td>Included groups:</td><td></td>
</tr><tr>
<td>Excluded groups:</td><td></td>
</tr>
</table><p/>
<small><i>(Hover the method name to see the test class name)</i></small><p/>
<table width='100%' border='1' class='invocation-failed'>
<tr><td colspan='4' align='center'><b>FAILED TESTS</b></td></tr>
<tr><td><b>Test method</b></td>
<td width="30%"><b>Exception</b></td>
<td width="10%"><b>Time (seconds)</b></td>
<td><b>Instance</b></td>
</tr>
<tr>
<td title='runner.TestRunner.feature()'><b>feature</b><br>Test class: runner.TestRunner<br>Test method: Runs Cucumber Feature<br>Parameters: Automate the tests against the V1 version of this application.</td>
<td><div><pre>cucumber.runtime.CucumberException: java.lang.Error: com.applitools.eyes.exceptions.TestFailedException: &apos;Test 1&apos; of &apos;AppliFashion&apos;. See details at https://eyes.applitools.com/app/batches/00000251796594770003/00000251796594769863?accountId=5ks3cr--tkeMwt2o_VjBjQ~~
	at cucumber.api.testng.TestNGCucumberRunner.runCucumber(TestNGCucumberRunner.java:69)
	at cucumber.api.testng.AbstractTestNGCucumberTests.feature(AbstractTestNGCucumberTests.java:21)
	at java.util.ArrayList.forEach(Unknown Source)
	at java.util.concurrent.FutureTask.run(Unknown Source)
	at java.util.concurrent.ThreadPoolExecutor.runWorker(Unknown Source)
	at java.util.concurrent.ThreadPoolExecutor$Worker.run(Unknown Source)
	at java.lang.Thread.run(Unknown Source)
Caused by: java.lang.Error: com.applitools.eyes.exceptions.TestFailedException: &apos;Test 1&apos; of &apos;AppliFashion&apos;. See details at https://eyes.applitools.com/app/batches/00000251796594770003/00000251796594769863?accountId=5ks3cr--tkeMwt2o_VjBjQ~~
	at com.applitools.eyes.selenium.rendering.VisualGridEyes.parseCloseFutures(VisualGridEyes.java:320)
	at com.applitools.eyes.selenium.rendering.VisualGridEyes.close(VisualGridEyes.java:294)
	at com.applitools.eyes.selenium.Eyes.close(Eyes.java:477)
	at com.applitools.eyes.selenium.Eyes.close(Eyes.java:196)
	at runner.TestRunner.validateWindow(TestRunner.java:130)
	at seleniumgluecode.Part1.use_Applitools_Eyes_take_a_screenshot_of_the_entire_page_and_save_using_following_information_for_Main_Page(Part1.java:29)
	at ?.Then Use Applitools Eyes, take a screenshot of the entire page and save using following information for Main Page.(Part1.feature:11)
Caused by: com.applitools.eyes.exceptions.TestFailedException: &apos;Test 1&apos; of &apos;AppliFashion&apos;. See details at https://eyes.applitools.com/app/batches/00000251796594770003/00000251796594769863?accountId=5ks3cr--tkeMwt2o_VjBjQ~~
	at com.applitools.eyes.EyesBase.logSessionResultsAndThrowException(EyesBase.java:553)
	at com.applitools.eyes.EyesBase.close(EyesBase.java:479)
	at com.applitools.eyes.visualgrid.services.VisualGridTask.call(VisualGridTask.java:158)
	at com.applitools.eyes.visualgrid.services.VisualGridTask.call(VisualGridTask.java:19)
	at java.util.concurrent.FutureTask.run(Unknown Source)
	at java.util.concurrent.Executors$RunnableAdapter.call(Unknown Source)
	at java.util.concurrent.FutureTask.run(Unknown Source)
	at java.util.concurrent.ThreadPoolExecutor.runWorker(Unknown Source)
	at java.util.concurrent.ThreadPoolExecutor$Worker.run(Unknown Source)
	at java.lang.Thread.run(Unknown Source)
... Removed 18 stack frames</pre></div><a href='#' onClick='toggleBox("stack-trace213066248", this, "Click to show all stack frames", "Click to hide stack frames")'>Click to show all stack frames</a>
<div class='stack-trace' id='stack-trace213066248'><pre>cucumber.runtime.CucumberException: java.lang.Error: com.applitools.eyes.exceptions.TestFailedException: &apos;Test 1&apos; of &apos;AppliFashion&apos;. See details at https://eyes.applitools.com/app/batches/00000251796594770003/00000251796594769863?accountId=5ks3cr--tkeMwt2o_VjBjQ~~
	at cucumber.api.testng.TestNGCucumberRunner.runCucumber(TestNGCucumberRunner.java:69)
	at cucumber.api.testng.AbstractTestNGCucumberTests.feature(AbstractTestNGCucumberTests.java:21)
	at sun.reflect.NativeMethodAccessorImpl.invoke0(Native Method)
	at sun.reflect.NativeMethodAccessorImpl.invoke(Unknown Source)
	at sun.reflect.DelegatingMethodAccessorImpl.invoke(Unknown Source)
	at java.lang.reflect.Method.invoke(Unknown Source)
	at org.testng.internal.MethodInvocationHelper.invokeMethod(MethodInvocationHelper.java:132)
	at org.testng.internal.TestInvoker.invokeMethod(TestInvoker.java:599)
	at org.testng.internal.TestInvoker.invokeTestMethod(TestInvoker.java:174)
	at org.testng.internal.MethodRunner.runInSequence(MethodRunner.java:46)
	at org.testng.internal.TestInvoker$MethodInvocationAgent.invoke(TestInvoker.java:822)
	at org.testng.internal.TestInvoker.invokeTestMethods(TestInvoker.java:147)
	at org.testng.internal.TestMethodWorker.invokeTestMethods(TestMethodWorker.java:146)
	at org.testng.internal.TestMethodWorker.run(TestMethodWorker.java:128)
	at java.util.ArrayList.forEach(Unknown Source)
	at org.testng.TestRunner.privateRun(TestRunner.java:764)
	at org.testng.TestRunner.run(TestRunner.java:585)
	at org.testng.SuiteRunner.runTest(SuiteRunner.java:384)
	at org.testng.SuiteRunner.access$000(SuiteRunner.java:28)
	at org.testng.SuiteRunner$SuiteWorker.run(SuiteRunner.java:425)
	at org.testng.internal.thread.ThreadUtil.lambda$execute$0(ThreadUtil.java:66)
	at java.util.concurrent.FutureTask.run(Unknown Source)
	at java.util.concurrent.ThreadPoolExecutor.runWorker(Unknown Source)
	at java.util.concurrent.ThreadPoolExecutor$Worker.run(Unknown Source)
	at java.lang.Thread.run(Unknown Source)
Caused by: java.lang.Error: com.applitools.eyes.exceptions.TestFailedException: &apos;Test 1&apos; of &apos;AppliFashion&apos;. See details at https://eyes.applitools.com/app/batches/00000251796594770003/00000251796594769863?accountId=5ks3cr--tkeMwt2o_VjBjQ~~
	at com.applitools.eyes.selenium.rendering.VisualGridEyes.parseCloseFutures(VisualGridEyes.java:320)
	at com.applitools.eyes.selenium.rendering.VisualGridEyes.close(VisualGridEyes.java:294)
	at com.applitools.eyes.selenium.Eyes.close(Eyes.java:477)
	at com.applitools.eyes.selenium.Eyes.close(Eyes.java:196)
	at runner.TestRunner.validateWindow(TestRunner.java:130)
	at seleniumgluecode.Part1.use_Applitools_Eyes_take_a_screenshot_of_the_entire_page_and_save_using_following_information_for_Main_Page(Part1.java:29)
	at ?.Then Use Applitools Eyes, take a screenshot of the entire page and save using following information for Main Page.(Part1.feature:11)
Caused by: com.applitools.eyes.exceptions.TestFailedException: &apos;Test 1&apos; of &apos;AppliFashion&apos;. See details at https://eyes.applitools.com/app/batches/00000251796594770003/00000251796594769863?accountId=5ks3cr--tkeMwt2o_VjBjQ~~
	at com.applitools.eyes.EyesBase.logSessionResultsAndThrowException(EyesBase.java:553)
	at com.applitools.eyes.EyesBase.close(EyesBase.java:479)
	at com.applitools.eyes.visualgrid.services.VisualGridTask.call(VisualGridTask.java:158)
	at com.applitools.eyes.visualgrid.services.VisualGridTask.call(VisualGridTask.java:19)
	at java.util.concurrent.FutureTask.run(Unknown Source)
	at java.util.concurrent.Executors$RunnableAdapter.call(Unknown Source)
	at java.util.concurrent.FutureTask.run(Unknown Source)
	at java.util.concurrent.ThreadPoolExecutor.runWorker(Unknown Source)
	at java.util.concurrent.ThreadPoolExecutor$Worker.run(Unknown Source)
	at java.lang.Thread.run(Unknown Source)
</pre></div></td>
<td>83</td>
<td>runner.TestRunner@16d04d3d</td></tr>
</table><p>
</body>
</html>