<?xml version="1.0" encoding="UTF-8"?>
<testng-results skipped="0" failed="1" ignored="0" total="1" passed="0">
  <reporter-output>
  </reporter-output>
  <suite name="Testng Cucumber Suite" duration-ms="85079" started-at="2020-11-18T18:56:50 GMT+05:30" finished-at="2020-11-18T18:58:15 GMT+05:30">
    <groups>
      <group name="cucumber">
        <method signature="AbstractTestNGCucumberTests.feature(cucumber.api.testng.CucumberFeatureWrapper)[pri:0, instance:runner.TestRunner@16d04d3d]" name="feature" class="cucumber.api.testng.AbstractTestNGCucumberTests"/>
      </group> <!-- cucumber -->
    </groups>
    <test name="Run All Tests" duration-ms="85079" started-at="2020-11-18T18:56:50 GMT+05:30" finished-at="2020-11-18T18:58:15 GMT+05:30">
      <class name="runner.TestRunner">
        <test-method status="PASS" signature="initSetup()[pri:0, instance:runner.TestRunner@16d04d3d]" name="initSetup" is-config="true" duration-ms="7567" started-at="2020-11-18T18:56:43 GMT+05:30" finished-at="2020-11-18T18:56:50 GMT+05:30">
          <reporter-output>
          </reporter-output>
        </test-method> <!-- initSetup -->
        <test-method status="PASS" signature="setUpClass()[pri:0, instance:runner.TestRunner@16d04d3d]" name="setUpClass" is-config="true" duration-ms="194" started-at="2020-11-18T18:56:50 GMT+05:30" finished-at="2020-11-18T18:56:51 GMT+05:30">
          <reporter-output>
          </reporter-output>
        </test-method> <!-- setUpClass -->
        <test-method status="FAIL" signature="feature(cucumber.api.testng.CucumberFeatureWrapper)[pri:0, instance:runner.TestRunner@16d04d3d]" name="feature" duration-ms="83772" started-at="2020-11-18T18:56:51 GMT+05:30" description="Runs Cucumber Feature" data-provider="features" finished-at="2020-11-18T18:58:14 GMT+05:30">
          <params>
            <param index="0">
              <value>
                <![CDATA[Automate the tests against the V1 version of this application.]]>
              </value>
            </param>
          </params>
          <exception class="cucumber.runtime.CucumberException">
            <message>
              <![CDATA[java.lang.Error: com.applitools.eyes.exceptions.TestFailedException: 'Test 1' of 'AppliFashion'. See details at https://eyes.applitools.com/app/batches/00000251796594770003/00000251796594769863?accountId=5ks3cr--tkeMwt2o_VjBjQ~~]]>
            </message>
            <full-stacktrace>
              <![CDATA[cucumber.runtime.CucumberException: java.lang.Error: com.applitools.eyes.exceptions.TestFailedException: 'Test 1' of 'AppliFashion'. See details at https://eyes.applitools.com/app/batches/00000251796594770003/00000251796594769863?accountId=5ks3cr--tkeMwt2o_VjBjQ~~
at cucumber.api.testng.TestNGCucumberRunner.runCucumber(TestNGCucumberRunner.java:69)
at cucumber.api.testng.AbstractTestNGCucumberTests.feature(AbstractTestNGCucumberTests.java:21)
at sun.reflect.NativeMethodAccessorImpl.invoke0(Native Method)
at sun.reflect.NativeMethodAccessorImpl.invoke(Unknown Source)
at sun.reflect.DelegatingMethodAccessorImpl.invoke(Unknown Source)
at java.lang.reflect.Method.invoke(Unknown Source)
at org.testng.internal.MethodInvocationHelper.invokeMethod(MethodInvocationHelper.java:132)
at org.testng.internal.TestInvoker.invokeMethod(TestInvoker.java:599)
at org.testng.internal.TestInvoker.invokeTestMethod(TestInvoker.java:174)
at org.testng.internal.MethodRunner.runInSequence(MethodRunner.java:46)
at org.testng.internal.TestInvoker$MethodInvocationAgent.invoke(TestInvoker.java:822)
at org.testng.internal.TestInvoker.invokeTestMethods(TestInvoker.java:147)
at org.testng.internal.TestMethodWorker.invokeTestMethods(TestMethodWorker.java:146)
at org.testng.internal.TestMethodWorker.run(TestMethodWorker.java:128)
at java.util.ArrayList.forEach(Unknown Source)
at org.testng.TestRunner.privateRun(TestRunner.java:764)
at org.testng.TestRunner.run(TestRunner.java:585)
at org.testng.SuiteRunner.runTest(SuiteRunner.java:384)
at org.testng.SuiteRunner.access$000(SuiteRunner.java:28)
at org.testng.SuiteRunner$SuiteWorker.run(SuiteRunner.java:425)
at org.testng.internal.thread.ThreadUtil.lambda$execute$0(ThreadUtil.java:66)
at java.util.concurrent.FutureTask.run(Unknown Source)
at java.util.concurrent.ThreadPoolExecutor.runWorker(Unknown Source)
at java.util.concurrent.ThreadPoolExecutor$Worker.run(Unknown Source)
at java.lang.Thread.run(Unknown Source)
Caused by: java.lang.Error: com.applitools.eyes.exceptions.TestFailedException: 'Test 1' of 'AppliFashion'. See details at https://eyes.applitools.com/app/batches/00000251796594770003/00000251796594769863?accountId=5ks3cr--tkeMwt2o_VjBjQ~~
at com.applitools.eyes.selenium.rendering.VisualGridEyes.parseCloseFutures(VisualGridEyes.java:320)
at com.applitools.eyes.selenium.rendering.VisualGridEyes.close(VisualGridEyes.java:294)
at com.applitools.eyes.selenium.Eyes.close(Eyes.java:477)
at com.applitools.eyes.selenium.Eyes.close(Eyes.java:196)
at runner.TestRunner.validateWindow(TestRunner.java:130)
at seleniumgluecode.Part1.use_Applitools_Eyes_take_a_screenshot_of_the_entire_page_and_save_using_following_information_for_Main_Page(Part1.java:29)
at âœ½.Then Use Applitools Eyes, take a screenshot of the entire page and save using following information for Main Page.(Part1.feature:11)
Caused by: com.applitools.eyes.exceptions.TestFailedException: 'Test 1' of 'AppliFashion'. See details at https://eyes.applitools.com/app/batches/00000251796594770003/00000251796594769863?accountId=5ks3cr--tkeMwt2o_VjBjQ~~
at com.applitools.eyes.EyesBase.logSessionResultsAndThrowException(EyesBase.java:553)
at com.applitools.eyes.EyesBase.close(EyesBase.java:479)
at com.applitools.eyes.visualgrid.services.VisualGridTask.call(VisualGridTask.java:158)
at com.applitools.eyes.visualgrid.services.VisualGridTask.call(VisualGridTask.java:19)
at java.util.concurrent.FutureTask.run(Unknown Source)
at java.util.concurrent.Executors$RunnableAdapter.call(Unknown Source)
at java.util.concurrent.FutureTask.run(Unknown Source)
at java.util.concurrent.ThreadPoolExecutor.runWorker(Unknown Source)
at java.util.concurrent.ThreadPoolExecutor$Worker.run(Unknown Source)
at java.lang.Thread.run(Unknown Source)
]]>
            </full-stacktrace>
          </exception> <!-- cucumber.runtime.CucumberException -->
          <reporter-output>
          </reporter-output>
        </test-method> <!-- feature -->
        <test-method status="PASS" signature="tearDownr(org.testng.ITestResult)[pri:0, instance:runner.TestRunner@16d04d3d]" name="tearDownr" is-config="true" duration-ms="819" started-at="2020-11-18T18:58:14 GMT+05:30" finished-at="2020-11-18T18:58:15 GMT+05:30">
          <params>
            <param index="0">
              <value>
                <![CDATA[[TestResult name=feature status=FAILURE method=AbstractTestNGCucumberTests.feature(cucumber.api.testng.CucumberFeatureWrapper)[pri:0, instance:runner.TestRunner@16d04d3d] output={null}]]]>
              </value>
            </param>
          </params>
          <reporter-output>
          </reporter-output>
        </test-method> <!-- tearDownr -->
        <test-method status="PASS" signature="setup()[pri:0, instance:runner.TestRunner@16d04d3d]" name="setup" is-config="true" duration-ms="10" started-at="2020-11-18T18:58:15 GMT+05:30" finished-at="2020-11-18T18:58:15 GMT+05:30">
          <reporter-output>
          </reporter-output>
        </test-method> <!-- setup -->
        <test-method status="PASS" signature="tearDownClass()[pri:0, instance:runner.TestRunner@16d04d3d]" name="tearDownClass" is-config="true" duration-ms="205" started-at="2020-11-18T18:58:15 GMT+05:30" finished-at="2020-11-18T18:58:15 GMT+05:30">
          <reporter-output>
          </reporter-output>
        </test-method> <!-- tearDownClass -->
        <test-method status="PASS" signature="closeBrowser()[pri:0, instance:runner.TestRunner@16d04d3d]" name="closeBrowser" is-config="true" duration-ms="694" started-at="2020-11-18T18:58:16 GMT+05:30" finished-at="2020-11-18T18:58:16 GMT+05:30">
          <reporter-output>
          </reporter-output>
        </test-method> <!-- closeBrowser -->
      </class> <!-- runner.TestRunner -->
    </test> <!-- Run All Tests -->
  </suite> <!-- Testng Cucumber Suite -->
</testng-results>
