<?xml version="1.0" encoding="UTF-8"?>
<!-- Generated by org.testng.reporters.JUnitReportReporter -->
<testsuite skipped="0" hostname="mhaskar-WX-1" name="runner.TestRunner" tests="1" failures="0" timestamp="2020-11-18T18:58:16 GMT+05:30" time="84.591" errors="1">
  <testcase name="feature" time="84.591" classname="runner.TestRunner">
    <error type="cucumber.runtime.CucumberException" message="java.lang.Error: com.applitools.eyes.exceptions.TestFailedException: &#039;Test 1&#039; of &#039;AppliFashion&#039;. See details at https://eyes.applitools.com/app/batches/00000251796594770003/00000251796594769863?accountId=5ks3cr--tkeMwt2o_VjBjQ~~">
      <![CDATA[cucumber.runtime.CucumberException: java.lang.Error: com.applitools.eyes.exceptions.TestFailedException: 'Test 1' of 'AppliFashion'. See details at https://eyes.applitools.com/app/batches/00000251796594770003/00000251796594769863?accountId=5ks3cr--tkeMwt2o_VjBjQ~~
at cucumber.api.testng.TestNGCucumberRunner.runCucumber(TestNGCucumberRunner.java:69)
at cucumber.api.testng.AbstractTestNGCucumberTests.feature(AbstractTestNGCucumberTests.java:21)
at sun.reflect.NativeMethodAccessorImpl.invoke0(Native Method)
at sun.reflect.NativeMethodAccessorImpl.invoke(Unknown Source)
at sun.reflect.DelegatingMethodAccessorImpl.invoke(Unknown Source)
at java.lang.reflect.Method.invoke(Unknown Source)
at org.testng.internal.MethodInvocationHelper.invokeMethod(MethodInvocationHelper.java:132)
at org.testng.internal.TestInvoker.invokeMethod(TestInvoker.java:599)
at org.testng.internal.TestInvoker.invokeTestMethod(TestInvoker.java:174)
at org.testng.internal.MethodRunner.runInSequence(MethodRunner.java:46)
at org.testng.internal.TestInvoker$MethodInvocationAgent.invoke(TestInvoker.java:822)
at org.testng.internal.TestInvoker.invokeTestMethods(TestInvoker.java:147)
at org.testng.internal.TestMethodWorker.invokeTestMethods(TestMethodWorker.java:146)
at org.testng.internal.TestMethodWorker.run(TestMethodWorker.java:128)
at java.util.ArrayList.forEach(Unknown Source)
at org.testng.TestRunner.privateRun(TestRunner.java:764)
at org.testng.TestRunner.run(TestRunner.java:585)
at org.testng.SuiteRunner.runTest(SuiteRunner.java:384)
at org.testng.SuiteRunner.access$000(SuiteRunner.java:28)
at org.testng.SuiteRunner$SuiteWorker.run(SuiteRunner.java:425)
at org.testng.internal.thread.ThreadUtil.lambda$execute$0(ThreadUtil.java:66)
at java.util.concurrent.FutureTask.run(Unknown Source)
at java.util.concurrent.ThreadPoolExecutor.runWorker(Unknown Source)
at java.util.concurrent.ThreadPoolExecutor$Worker.run(Unknown Source)
at java.lang.Thread.run(Unknown Source)
Caused by: java.lang.Error: com.applitools.eyes.exceptions.TestFailedException: 'Test 1' of 'AppliFashion'. See details at https://eyes.applitools.com/app/batches/00000251796594770003/00000251796594769863?accountId=5ks3cr--tkeMwt2o_VjBjQ~~
at com.applitools.eyes.selenium.rendering.VisualGridEyes.parseCloseFutures(VisualGridEyes.java:320)
at com.applitools.eyes.selenium.rendering.VisualGridEyes.close(VisualGridEyes.java:294)
at com.applitools.eyes.selenium.Eyes.close(Eyes.java:477)
at com.applitools.eyes.selenium.Eyes.close(Eyes.java:196)
at runner.TestRunner.validateWindow(TestRunner.java:130)
at seleniumgluecode.Part1.use_Applitools_Eyes_take_a_screenshot_of_the_entire_page_and_save_using_following_information_for_Main_Page(Part1.java:29)
at âœ½.Then Use Applitools Eyes, take a screenshot of the entire page and save using following information for Main Page.(Part1.feature:11)
Caused by: com.applitools.eyes.exceptions.TestFailedException: 'Test 1' of 'AppliFashion'. See details at https://eyes.applitools.com/app/batches/00000251796594770003/00000251796594769863?accountId=5ks3cr--tkeMwt2o_VjBjQ~~
at com.applitools.eyes.EyesBase.logSessionResultsAndThrowException(EyesBase.java:553)
at com.applitools.eyes.EyesBase.close(EyesBase.java:479)
at com.applitools.eyes.visualgrid.services.VisualGridTask.call(VisualGridTask.java:158)
at com.applitools.eyes.visualgrid.services.VisualGridTask.call(VisualGridTask.java:19)
at java.util.concurrent.FutureTask.run(Unknown Source)
at java.util.concurrent.Executors$RunnableAdapter.call(Unknown Source)
at java.util.concurrent.FutureTask.run(Unknown Source)
at java.util.concurrent.ThreadPoolExecutor.runWorker(Unknown Source)
at java.util.concurrent.ThreadPoolExecutor$Worker.run(Unknown Source)
at java.lang.Thread.run(Unknown Source)
]]>
    </error>
  </testcase> <!-- feature -->
  <system-out/>
</testsuite> <!-- runner.TestRunner -->
